<?xml version="1.0" encoding="UTF-8"?>
<testsuite xmlns:xsi="http://www.w3.org/2001/XMLSchema-instance" xsi:noNamespaceSchemaLocation="https://maven.apache.org/surefire/maven-surefire-plugin/xsd/surefire-test-report.xsd" name="ru.netology.meneger.posterOfMovies.PosterOfMoviesTest" time="0.048" tests="6" errors="0" skipped="0" failures="0">
  <properties>
[...]
</properties>
  <testcase name="addTestNoMovie" classname="ru.netology.meneger.posterOfMovies.PosterOfMoviesTest" time="0.029"/>
  <testcase name="findLastLimitTest" classname="ru.netology.meneger.posterOfMovies.PosterOfMoviesTest" time="0"/>
  <testcase name="findLastTest" classname="ru.netology.meneger.posterOfMovies.PosterOfMoviesTest" time="0"/>
  <testcase name="addTest" classname="ru.netology.meneger.posterOfMovies.PosterOfMoviesTest" time="0"/>
  <testcase name="findLast10Test" classname="ru.netology.meneger.posterOfMovies.PosterOfMoviesTest" time="0.002"/>
  <testcase name="addTestOneMovie" classname="ru.netology.meneger.posterOfMovies.PosterOfMoviesTest" time="0.003"/>
</testsuite>